0 info it worked if it ends with ok
1 verbose cli [ '/Users/jschool/.nvm/versions/node/v6.9.5/bin/node',
1 verbose cli   '/Users/jschool/.nvm/versions/node/v6.9.5/bin/npm',
1 verbose cli   'run',
1 verbose cli   'start-dev' ]
2 info using npm@3.10.10
3 info using node@v6.9.5
4 verbose run-script [ 'prestart-dev', 'start-dev', 'poststart-dev' ]
5 info lifecycle recon-site@0.1.0~prestart-dev: recon-site@0.1.0
6 silly lifecycle recon-site@0.1.0~prestart-dev: no script for prestart-dev, continuing
7 info lifecycle recon-site@0.1.0~start-dev: recon-site@0.1.0
8 verbose lifecycle recon-site@0.1.0~start-dev: unsafe-perm in lifecycle true
9 verbose lifecycle recon-site@0.1.0~start-dev: PATH: /Users/jschool/.nvm/versions/node/v6.9.5/lib/node_modules/npm/bin/node-gyp-bin:/Users/jschool/code/ftc/recon-site/node_modules/.bin:/Users/jschool/.cargo/bin:/Library/Frameworks/Python.framework/Versions/2.7/bin:/anaconda/bin:/Users/jschool/.nvm/versions/node/v6.9.5/bin:/usr/local/bin:/usr/bin:/bin:/usr/sbin:/sbin:/Users/jschool/.cargo/bin:/Library/Frameworks/Python.framework/Versions/2.7/bin:/anaconda/bin:/Users/jschool/Library/Android/sdk/tools:/Users/jschool/Library/Android/sdk/platform-tools:/Users/jschool/Library/Android/sdk/tools:/Users/jschool/Library/Android/sdk/platform-tools
10 verbose lifecycle recon-site@0.1.0~start-dev: CWD: /Users/jschool/code/ftc/recon-site
11 silly lifecycle recon-site@0.1.0~start-dev: Args: [ '-c', 'webpack && cp -R www/* dist/; node server.js' ]
12 silly lifecycle recon-site@0.1.0~start-dev: Returned: code: 1  signal: null
13 info lifecycle recon-site@0.1.0~start-dev: Failed to exec start-dev script
14 verbose stack Error: recon-site@0.1.0 start-dev: `webpack && cp -R www/* dist/; node server.js`
14 verbose stack Exit status 1
14 verbose stack     at EventEmitter.<anonymous> (/Users/jschool/.nvm/versions/node/v6.9.5/lib/node_modules/npm/lib/utils/lifecycle.js:255:16)
14 verbose stack     at emitTwo (events.js:106:13)
14 verbose stack     at EventEmitter.emit (events.js:191:7)
14 verbose stack     at ChildProcess.<anonymous> (/Users/jschool/.nvm/versions/node/v6.9.5/lib/node_modules/npm/lib/utils/spawn.js:40:14)
14 verbose stack     at emitTwo (events.js:106:13)
14 verbose stack     at ChildProcess.emit (events.js:191:7)
14 verbose stack     at maybeClose (internal/child_process.js:877:16)
14 verbose stack     at Process.ChildProcess._handle.onexit (internal/child_process.js:226:5)
15 verbose pkgid recon-site@0.1.0
16 verbose cwd /Users/jschool/code/ftc/recon-site
17 error Darwin 17.2.0
18 error argv "/Users/jschool/.nvm/versions/node/v6.9.5/bin/node" "/Users/jschool/.nvm/versions/node/v6.9.5/bin/npm" "run" "start-dev"
19 error node v6.9.5
20 error npm  v3.10.10
21 error code ELIFECYCLE
22 error recon-site@0.1.0 start-dev: `webpack && cp -R www/* dist/; node server.js`
22 error Exit status 1
23 error Failed at the recon-site@0.1.0 start-dev script 'webpack && cp -R www/* dist/; node server.js'.
23 error Make sure you have the latest version of node.js and npm installed.
23 error If you do, this is most likely a problem with the recon-site package,
23 error not with npm itself.
23 error Tell the author that this fails on your system:
23 error     webpack && cp -R www/* dist/; node server.js
23 error You can get information on how to open an issue for this project with:
23 error     npm bugs recon-site
23 error Or if that isn't available, you can get their info via:
23 error     npm owner ls recon-site
23 error There is likely additional logging output above.
24 verbose exit [ 1, true ]
